0 info it worked if it ends with ok
1 verbose cli [ 'C:\\Program Files\\nodejs\\node.exe',
1 verbose cli   'C:\\Program Files\\nodejs\\node_modules\\npm\\bin\\npm-cli.js',
1 verbose cli   'start' ]
2 info using npm@4.1.2
3 info using node@v7.5.0
4 verbose run-script [ 'prestart', 'start', 'poststart' ]
5 info lifecycle sandbox@0.0.0~prestart: sandbox@0.0.0
6 silly lifecycle sandbox@0.0.0~prestart: no script for prestart, continuing
7 info lifecycle sandbox@0.0.0~start: sandbox@0.0.0
8 verbose lifecycle sandbox@0.0.0~start: unsafe-perm in lifecycle true
9 verbose lifecycle sandbox@0.0.0~start: PATH: C:\Program Files\nodejs\node_modules\npm\bin\node-gyp-bin;C:\Users\Estudiante\Desktop\Sandbox\Sandbox\node_modules\.bin;C:\Users\Estudiante\bin;C:\Program Files\Git\mingw64\bin;C:\Program Files\Git\usr\local\bin;C:\Program Files\Git\usr\bin;C:\Program Files\Git\usr\bin;C:\Program Files\Git\mingw64\bin;C:\Program Files\Git\usr\bin;C:\Users\Estudiante\bin;C:\Python27;C:\Python27\Scripts;C:\Windows\system32;C:\Windows;C:\Windows\System32\Wbem;C:\Windows\System32\WindowsPowerShell\v1.0;C:\Program Files\Git\cmd;C:\Program Files\MySQL\MySQL Utilities 1.6;C:\Program Files\nodejs;C:\Users\Estudiante\AppData\Local\Programs\Python\Python35\Scripts;C:\Users\Estudiante\AppData\Local\Programs\Python\Python35;C:\Users\Estudiante\AppData\Roaming\npm;C:\Program Files (x86)\Microsoft VS Code\bin;C:\Program Files\Git\usr\bin\vendor_perl;C:\Program Files\Git\usr\bin\core_perl
10 verbose lifecycle sandbox@0.0.0~start: CWD: C:\Users\Estudiante\Desktop\Sandbox\Sandbox
11 silly lifecycle sandbox@0.0.0~start: Args: [ '/d /s /c', 'node ./bin/www' ]
12 silly lifecycle sandbox@0.0.0~start: Returned: code: 1  signal: null
13 info lifecycle sandbox@0.0.0~start: Failed to exec start script
14 verbose stack Error: sandbox@0.0.0 start: `node ./bin/www`
14 verbose stack Exit status 1
14 verbose stack     at EventEmitter.<anonymous> (C:\Program Files\nodejs\node_modules\npm\lib\utils\lifecycle.js:279:16)
14 verbose stack     at emitTwo (events.js:106:13)
14 verbose stack     at EventEmitter.emit (events.js:192:7)
14 verbose stack     at ChildProcess.<anonymous> (C:\Program Files\nodejs\node_modules\npm\lib\utils\spawn.js:40:14)
14 verbose stack     at emitTwo (events.js:106:13)
14 verbose stack     at ChildProcess.emit (events.js:192:7)
14 verbose stack     at maybeClose (internal/child_process.js:890:16)
14 verbose stack     at Process.ChildProcess._handle.onexit (internal/child_process.js:226:5)
15 verbose pkgid sandbox@0.0.0
16 verbose cwd C:\Users\Estudiante\Desktop\Sandbox\Sandbox
17 error Windows_NT 6.1.7601
18 error argv "C:\\Program Files\\nodejs\\node.exe" "C:\\Program Files\\nodejs\\node_modules\\npm\\bin\\npm-cli.js" "start"
19 error node v7.5.0
20 error npm  v4.1.2
21 error code ELIFECYCLE
22 error sandbox@0.0.0 start: `node ./bin/www`
22 error Exit status 1
23 error Failed at the sandbox@0.0.0 start script 'node ./bin/www'.
23 error Make sure you have the latest version of node.js and npm installed.
23 error If you do, this is most likely a problem with the sandbox package,
23 error not with npm itself.
23 error Tell the author that this fails on your system:
23 error     node ./bin/www
23 error You can get information on how to open an issue for this project with:
23 error     npm bugs sandbox
23 error Or if that isn't available, you can get their info via:
23 error     npm owner ls sandbox
23 error There is likely additional logging output above.
24 verbose exit [ 1, true ]
